#
# There is insufficient memory for the Java Runtime Environment to continue.
# Native memory allocation (mmap) failed to map 268435456 bytes for Failed to commit area from 0x0000000700c00000 to 0x0000000710c00000 of length 268435456.
# Possible reasons:
#   The system is out of physical RAM or swap space
#   The process is running with CompressedOops enabled, and the Java Heap may be blocking the growth of the native heap
# Possible solutions:
#   Reduce memory load on the system
#   Increase physical memory or swap space
#   Check if swap backing store is full
#   Decrease Java heap size (-Xmx/-Xms)
#   Decrease number of Java threads
#   Decrease Java thread stack sizes (-Xss)
#   Set larger code cache with -XX:ReservedCodeCacheSize=
# This output file may be truncated or incomplete.
#
#  Out of Memory Error (./src/hotspot/os/windows/os_windows.cpp:3301), pid=2744, tid=5816
#
# JRE version:  (11.0.10) (build )
# Java VM: OpenJDK 64-Bit Server VM (11.0.10+0-b96-7249189, mixed mode, sharing, tiered, compressed oops, g1 gc, windows-amd64)
# No core dump will be written. Minidumps are not enabled by default on client versions of Windows
#

---------------  S U M M A R Y ------------

Command Line: 

Host: Intel(R) Core(TM) i7-4770K CPU @ 3.50GHz, 8 cores, 15G,  Windows 10 , 64 bit Build 19041 (10.0.19041.207)
Time: Wed Oct 20 15:29:58 2021 RTZ 2 (зима) elapsed time: 0.018189 seconds (0d 0h 0m 0s)

---------------  T H R E A D  ---------------

Current thread (0x000001b461947000):  JavaThread "Unknown thread" [_thread_in_vm, id=5816, stack(0x0000003f8a200000,0x0000003f8a300000)]

Stack: [0x0000003f8a200000,0x0000003f8a300000]
Native frames: (J=compiled Java code, j=interpreted, Vv=VM code, C=native code)
V  [jvm.dll+0x5ecfaa]
V  [jvm.dll+0x722bd5]
V  [jvm.dll+0x72412d]
V  [jvm.dll+0x7247e3]
V  [jvm.dll+0x242928]
V  [jvm.dll+0x5ea374]
V  [jvm.dll+0x5df425]
V  [jvm.dll+0x2fdebb]
V  [jvm.dll+0x2fde2a]
V  [jvm.dll+0x2fdd02]
V  [jvm.dll+0x302bf6]
V  [jvm.dll+0x34b2a3]
V  [jvm.dll+0x34b9a6]
V  [jvm.dll+0x34b3a3]
V  [jvm.dll+0x2d8888]
V  [jvm.dll+0x2d9a37]
V  [jvm.dll+0x701737]
V  [jvm.dll+0x702f2c]
V  [jvm.dll+0x3587d9]
V  [jvm.dll+0x6e4fae]
V  [jvm.dll+0x3c0be3]
V  [jvm.dll+0x3c2e91]
C  [jli.dll+0x5373]
C  [ucrtbase.dll+0x21542]
C  [KERNEL32.DLL+0x16fd4]
C  [ntdll.dll+0x4cec1]


---------------  P R O C E S S  ---------------

Threads class SMR info:
_java_thread_list=0x000001b460090780, length=0, elements={
}

Java Threads: ( => current thread )

Other Threads:
  0x000001b46195d800 GCTaskThread "GC Thread#0" [stack: 0x0000003f8a300000,0x0000003f8a400000] [id=10836]
  0x000001b4619bb000 ConcurrentGCThread "G1 Main Marker" [stack: 0x0000003f8a400000,0x0000003f8a500000] [id=6616]
  0x000001b4619bc800 ConcurrentGCThread "G1 Conc#0" [stack: 0x0000003f8a500000,0x0000003f8a600000] [id=5584]

[error occurred during error reporting (printing all threads), id 0xc0000005, EXCEPTION_ACCESS_VIOLATION (0xc0000005) at pc=0x00007ffc60a49107]

VM state:not at safepoint (not fully initialized)

VM Mutex/Monitor currently owned by a thread:  ([mutex/lock_event])
[0x000001b461945980] Heap_lock - owner thread: 0x000001b461947000

Heap address: 0x0000000700c00000, size: 4084 MB, Compressed Oops mode: Non-zero based: 0x0000000700c00000
Narrow klass base: 0x0000000000000000, Narrow klass shift: 0

GC Heap History (0 events):
No events

Deoptimization events (0 events):
No events

Classes redefined (0 events):
No events

Internal exceptions (0 events):
No events

Events (1 events):
Event: 0.006 Loaded shared library C:\Program Files\Android\Android Studio\jre\bin\zip.dll


Dynamic libraries:
0x00007ff77a430000 - 0x00007ff77a43a000 	C:\Program Files\Android\Android Studio\jre\bin\java.EXE
0x00007ffca8ab0000 - 0x00007ffca8ca4000 	C:\Windows\SYSTEM32\ntdll.dll
0x00007ffca7e30000 - 0x00007ffca7eed000 	C:\Windows\System32\KERNEL32.DLL
0x00007ffca6740000 - 0x00007ffca6a07000 	C:\Windows\System32\KERNELBASE.dll
0x00007ffca6200000 - 0x00007ffca6300000 	C:\Windows\System32\ucrtbase.dll
0x00007ffc76140000 - 0x00007ffc76157000 	C:\Program Files\Android\Android Studio\jre\bin\VCRUNTIME140.dll
0x00007ffc86480000 - 0x00007ffc86499000 	C:\Program Files\Android\Android Studio\jre\bin\jli.dll
0x00007ffca72d0000 - 0x00007ffca7470000 	C:\Windows\System32\USER32.dll
0x00007ffc8a850000 - 0x00007ffc8aaea000 	C:\Windows\WinSxS\amd64_microsoft.windows.common-controls_6595b64144ccf1df_6.0.19041.1_none_b555e41d4684ddec\COMCTL32.dll
0x00007ffca66c0000 - 0x00007ffca66e2000 	C:\Windows\System32\win32u.dll
0x00007ffca7d30000 - 0x00007ffca7dce000 	C:\Windows\System32\msvcrt.dll
0x00007ffca8300000 - 0x00007ffca832a000 	C:\Windows\System32\GDI32.dll
0x00007ffca65b0000 - 0x00007ffca66b9000 	C:\Windows\System32\gdi32full.dll
0x00007ffca6510000 - 0x00007ffca65ad000 	C:\Windows\System32\msvcp_win.dll
0x00007ffca71e0000 - 0x00007ffca7210000 	C:\Windows\System32\IMM32.DLL
0x00007ffc5e900000 - 0x00007ffc5e99d000 	C:\Program Files\Android\Android Studio\jre\bin\msvcp140.dll
0x00007ffc60760000 - 0x00007ffc6122f000 	C:\Program Files\Android\Android Studio\jre\bin\server\jvm.dll
0x00007ffca7210000 - 0x00007ffca72ba000 	C:\Windows\System32\ADVAPI32.dll
0x00007ffca6cd0000 - 0x00007ffca6d6b000 	C:\Windows\System32\sechost.dll
0x00007ffca6dd0000 - 0x00007ffca6ef3000 	C:\Windows\System32\RPCRT4.dll
0x00007ffca7720000 - 0x00007ffca7728000 	C:\Windows\System32\PSAPI.DLL
0x00007ffc969f0000 - 0x00007ffc96a17000 	C:\Windows\SYSTEM32\WINMM.dll
0x00007ffca0430000 - 0x00007ffca043a000 	C:\Windows\SYSTEM32\VERSION.dll
0x00007ffca1f90000 - 0x00007ffca1f99000 	C:\Windows\SYSTEM32\WSOCK32.dll
0x00007ffca7090000 - 0x00007ffca70fb000 	C:\Windows\System32\WS2_32.dll
0x00007ffca41b0000 - 0x00007ffca41c3000 	C:\Windows\SYSTEM32\kernel.appcore.dll
0x00007ffca1e60000 - 0x00007ffca1e71000 	C:\Program Files\Android\Android Studio\jre\bin\verify.dll
0x00007ffc90870000 - 0x00007ffc90a54000 	C:\Windows\SYSTEM32\DBGHELP.DLL
0x00007ffc90660000 - 0x00007ffc9068c000 	C:\Windows\SYSTEM32\dbgcore.DLL
0x00007ffca6490000 - 0x00007ffca650f000 	C:\Windows\System32\bcryptPrimitives.dll
0x00007ffc90550000 - 0x00007ffc90579000 	C:\Program Files\Android\Android Studio\jre\bin\java.dll
0x00007ffca1980000 - 0x00007ffca198b000 	C:\Program Files\Android\Android Studio\jre\bin\jimage.dll
0x00007ffc905e0000 - 0x00007ffc905f8000 	C:\Program Files\Android\Android Studio\jre\bin\zip.dll

dbghelp: loaded successfully - version: 4.0.5 - missing functions: none
symbol engine: initialized successfully - sym options: 0x614 - pdb path: .;C:\Program Files\Android\Android Studio\jre\bin;C:\Windows\SYSTEM32;C:\Windows\WinSxS\amd64_microsoft.windows.common-controls_6595b64144ccf1df_6.0.19041.1_none_b555e41d4684ddec;C:\Program Files\Android\Android Studio\jre\bin\server

VM Arguments:
java_command: <unknown>
java_class_path (initial): <not set>
Launcher Type: SUN_STANDARD

[Global flags]
     intx CICompilerCount                          = 4                                         {product} {ergonomic}
     uint ConcGCThreads                            = 2                                         {product} {ergonomic}
     uint G1ConcRefinementThreads                  = 8                                         {product} {ergonomic}
   size_t G1HeapRegionSize                         = 1048576                                   {product} {ergonomic}
    uintx GCDrainStackTargetSize                   = 64                                        {product} {ergonomic}
   size_t InitialHeapSize                          = 268435456                                 {product} {ergonomic}
   size_t MarkStackSize                            = 4194304                                   {product} {ergonomic}
   size_t MaxHeapSize                              = 4282384384                                {product} {ergonomic}
   size_t MinHeapDeltaBytes                        = 1048576                                   {product} {ergonomic}
    uintx NonNMethodCodeHeapSize                   = 5836300                                {pd product} {ergonomic}
    uintx NonProfiledCodeHeapSize                  = 122910970                              {pd product} {ergonomic}
    uintx ProfiledCodeHeapSize                     = 122910970                              {pd product} {ergonomic}
    uintx ReservedCodeCacheSize                    = 251658240                              {pd product} {ergonomic}
     bool SegmentedCodeCache                       = true                                      {product} {ergonomic}
     bool UseCompressedClassPointers               = true                                 {lp64_product} {ergonomic}
     bool UseCompressedOops                        = true                                 {lp64_product} {ergonomic}
     bool UseG1GC                                  = true                                      {product} {ergonomic}
     bool UseLargePagesIndividualAllocation        = false                                  {pd product} {ergonomic}

Logging:
Log output configuration:
 #0: stdout all=warning uptime,level,tags
 #1: stderr all=off uptime,level,tags

Environment Variables:
PATH=C:\Program Files\Common Files\Oracle\Java\javapath;C:\Program Files (x86)\Common Files\Oracle\Java\javapath;C:\Windows\system32;C:\Windows;C:\Windows\System32\Wbem;C:\Windows\System32\WindowsPowerShell\v1.0\;C:\Windows\System32\OpenSSH\;C:\Program Files\NVIDIA Corporation\NVIDIA NvDLISR;C:\Program Files (x86)\NVIDIA Corporation\PhysX\Common;C:\Program Files (x86)\Common Files\Acronis\SnapAPI\;C:\Program Files\Git\cmd;C:\Users\Fluch\AppData\Local\Microsoft\WindowsApps;C:\.Projects\Flutter SDK\flutter\bin;;C:\Users\Fluch\AppData\Local\Programs\Microsoft VS Code\bin;C:\.Projects\Flutter SDK\flutter\bin\mingit\cmd
USERNAME=Fluch
OS=Windows_NT
PROCESSOR_IDENTIFIER=Intel64 Family 6 Model 60 Stepping 3, GenuineIntel



---------------  S Y S T E M  ---------------

OS: Windows 10 , 64 bit Build 19041 (10.0.19041.207)
OS uptime: 0 days 5:21 hours

CPU:total 8 (initial active 8) (4 cores per cpu, 2 threads per core) family 6 model 60 stepping 3 microcode 0x27, cmov, cx8, fxsr, mmx, sse, sse2, sse3, ssse3, sse4.1, sse4.2, popcnt, avx, avx2, aes, clmul, erms, lzcnt, ht, tsc, tscinvbit, bmi1, bmi2, fma

Memory: 4k page, system-wide physical 16328M (4402M free)
TotalPageFile size 16328M (AvailPageFile size 233M)
current process WorkingSet (physical memory assigned to process): 10M, peak: 10M
current process commit charge ("private bytes"): 60M, peak: 316M

vm_info: OpenJDK 64-Bit Server VM (11.0.10+0-b96-7249189) for windows-amd64 JRE (11.0.10+0-b96-7249189), built on Mar 31 2021 21:44:00 by "builder" with MS VC++ 14.0 (VS2015)

END.
